2021-05-26 22:19:04,847 [Worker-2: Loading available Gradle versions] INFO  o.e.b.c.i.u.g.PublishedGradleVersions - Gradle version information cache is up-to-date. Trying to read.
2021-05-26 22:20:13,855 [Worker-9: Importing Maven projects] INFO  o.e.m.c.i.l.LifecycleMappingFactory - Using org.eclipse.m2e.jdt.JarLifecycleMapping lifecycle mapping for MavenProject: fr.nebulo9.speedruncontest:speedrun-contest:0.0.1-SNAPSHOT @ C:\Users\manga\Drive\OneDrive\Dev\Minecraft\Plugins\TestSpigot\speedrun-contest\pom.xml.
2021-05-26 22:20:14,448 [Worker-9: Importing Maven projects] INFO  o.e.m.j.i.AbstractJavaProjectConfigurator - Adding source folder /speedrun-contest/src/main/java
2021-05-26 22:20:14,449 [Worker-9: Importing Maven projects] INFO  o.e.m.j.i.AbstractJavaProjectConfigurator - Adding resource folder /speedrun-contest/src/main/resources
2021-05-26 22:20:14,450 [Worker-9: Importing Maven projects] INFO  o.e.m.j.i.AbstractJavaProjectConfigurator - Adding source folder /speedrun-contest/src/test/java
2021-05-26 22:20:14,450 [Worker-9: Importing Maven projects] INFO  o.e.m.j.i.AbstractJavaProjectConfigurator - Adding resource folder /speedrun-contest/src/test/resources
2021-05-26 22:20:14,546 [Worker-9: Importing Maven projects] INFO  o.e.m.c.i.p.ProjectConfigurationManager - Imported and configured 1 project(s) in 1 sec
2021-05-26 22:20:15,537 [Worker-13: Building] WARN  o.e.m.c.i.embedder.EclipseLogger - Using platform encoding (Cp1252 actually) to copy filtered resources, i.e. build is platform dependent!
2021-05-26 22:20:15,542 [Worker-13: Building] INFO  o.e.m.c.i.embedder.EclipseLogger - Copying 0 resource
2021-05-26 22:20:15,544 [Worker-13: Building] WARN  o.e.m.c.i.embedder.EclipseLogger - Using platform encoding (Cp1252 actually) to copy filtered resources, i.e. build is platform dependent!
2021-05-26 22:20:15,546 [Worker-13: Building] INFO  o.e.m.c.i.embedder.EclipseLogger - Copying 0 resource
2021-05-26 22:20:28,891 [Worker-9: Building] WARN  o.e.m.c.i.embedder.EclipseLogger - Using platform encoding (Cp1252 actually) to copy filtered resources, i.e. build is platform dependent!
2021-05-26 22:20:28,893 [Worker-9: Building] INFO  o.e.m.c.i.embedder.EclipseLogger - Copying 0 resource
2021-05-26 22:20:28,894 [Worker-9: Building] WARN  o.e.m.c.i.embedder.EclipseLogger - Using platform encoding (Cp1252 actually) to copy filtered resources, i.e. build is platform dependent!
2021-05-26 22:20:28,895 [Worker-9: Building] INFO  o.e.m.c.i.embedder.EclipseLogger - Copying 0 resource
2021-05-26 22:20:45,000 [Worker-13: Building] WARN  o.e.m.c.i.embedder.EclipseLogger - Using platform encoding (Cp1252 actually) to copy filtered resources, i.e. build is platform dependent!
2021-05-26 22:20:45,005 [Worker-13: Building] INFO  o.e.m.c.i.embedder.EclipseLogger - Copying 0 resource
2021-05-26 22:20:45,007 [Worker-13: Building] WARN  o.e.m.c.i.embedder.EclipseLogger - Using platform encoding (Cp1252 actually) to copy filtered resources, i.e. build is platform dependent!
2021-05-26 22:20:45,007 [Worker-13: Building] INFO  o.e.m.c.i.embedder.EclipseLogger - Copying 0 resource
2021-05-26 22:23:01,313 [Worker-1: Building] INFO  o.e.m.c.i.l.LifecycleMappingFactory - Using org.eclipse.m2e.jdt.JarLifecycleMapping lifecycle mapping for MavenProject: fr.nebulo9.speedruncontest:speedrun-contest:0.0.1-SNAPSHOT @ C:\Users\manga\Drive\OneDrive\Dev\Minecraft\Plugins\TestSpigot\speedrun-contest\pom.xml.
2021-05-26 22:23:01,754 [Worker-1: Building] WARN  o.e.m.c.i.embedder.EclipseLogger - Using platform encoding (Cp1252 actually) to copy filtered resources, i.e. build is platform dependent!
2021-05-26 22:23:01,755 [Worker-1: Building] INFO  o.e.m.c.i.embedder.EclipseLogger - Copying 0 resource
2021-05-26 22:23:01,756 [Worker-1: Building] WARN  o.e.m.c.i.embedder.EclipseLogger - Using platform encoding (Cp1252 actually) to copy filtered resources, i.e. build is platform dependent!
2021-05-26 22:23:01,757 [Worker-1: Building] INFO  o.e.m.c.i.embedder.EclipseLogger - Copying 0 resource
2021-05-26 22:23:02,901 [Worker-9: Updating Maven Dependencies] INFO  o.e.m.c.i.l.LifecycleMappingFactory - Using org.eclipse.m2e.jdt.JarLifecycleMapping lifecycle mapping for MavenProject: fr.nebulo9.speedruncontest:speedrun-contest:0.0.1-SNAPSHOT @ C:\Users\manga\Drive\OneDrive\Dev\Minecraft\Plugins\TestSpigot\speedrun-contest\pom.xml.
2021-05-26 22:23:03,212 [Worker-0: Building] WARN  o.e.m.c.i.embedder.EclipseLogger - Using platform encoding (Cp1252 actually) to copy filtered resources, i.e. build is platform dependent!
2021-05-26 22:23:03,214 [Worker-0: Building] INFO  o.e.m.c.i.embedder.EclipseLogger - Copying 0 resource
2021-05-26 22:23:03,216 [Worker-0: Building] WARN  o.e.m.c.i.embedder.EclipseLogger - Using platform encoding (Cp1252 actually) to copy filtered resources, i.e. build is platform dependent!
2021-05-26 22:23:03,218 [Worker-0: Building] INFO  o.e.m.c.i.embedder.EclipseLogger - Copying 0 resource
2021-05-26 22:23:04,487 [Worker-17: Building] WARN  o.e.m.c.i.embedder.EclipseLogger - Using platform encoding (Cp1252 actually) to copy filtered resources, i.e. build is platform dependent!
2021-05-26 22:23:04,488 [Worker-17: Building] INFO  o.e.m.c.i.embedder.EclipseLogger - Copying 0 resource
2021-05-26 22:23:04,490 [Worker-17: Building] WARN  o.e.m.c.i.embedder.EclipseLogger - Using platform encoding (Cp1252 actually) to copy filtered resources, i.e. build is platform dependent!
2021-05-26 22:23:04,491 [Worker-17: Building] INFO  o.e.m.c.i.embedder.EclipseLogger - Copying 0 resource
2021-05-26 22:25:34,063 [Worker-16: Importing Maven projects] INFO  o.e.m.c.i.l.LifecycleMappingFactory - Using org.eclipse.m2e.jdt.JarLifecycleMapping lifecycle mapping for MavenProject: fr.nebulo9.speedruncontest:speedrun-contest:0.0.1-SNAPSHOT @ C:\Users\manga\Drive\OneDrive\Dev\Minecraft\Plugins\TestSpigot\speedrun-contest\pom.xml.
2021-05-26 22:25:34,250 [Worker-16: Importing Maven projects] INFO  o.e.m.j.i.AbstractJavaProjectConfigurator - Adding source folder /speedrun-contest/src/main/java
2021-05-26 22:25:34,250 [Worker-16: Importing Maven projects] INFO  o.e.m.j.i.AbstractJavaProjectConfigurator - Adding resource folder /speedrun-contest/src/main/resources
2021-05-26 22:25:34,251 [Worker-16: Importing Maven projects] INFO  o.e.m.j.i.AbstractJavaProjectConfigurator - Adding source folder /speedrun-contest/src/test/java
2021-05-26 22:25:34,251 [Worker-16: Importing Maven projects] INFO  o.e.m.j.i.AbstractJavaProjectConfigurator - Adding resource folder /speedrun-contest/src/test/resources
2021-05-26 22:25:34,307 [Worker-16: Importing Maven projects] INFO  o.e.m.c.i.p.ProjectConfigurationManager - Imported and configured 1 project(s) in 0 sec
2021-05-26 22:25:34,578 [Worker-8: Building] WARN  o.e.m.c.i.embedder.EclipseLogger - Using platform encoding (Cp1252 actually) to copy filtered resources, i.e. build is platform dependent!
2021-05-26 22:25:34,580 [Worker-8: Building] INFO  o.e.m.c.i.embedder.EclipseLogger - Copying 0 resource
2021-05-26 22:25:34,581 [Worker-8: Building] WARN  o.e.m.c.i.embedder.EclipseLogger - Using platform encoding (Cp1252 actually) to copy filtered resources, i.e. build is platform dependent!
2021-05-26 22:25:34,582 [Worker-8: Building] INFO  o.e.m.c.i.embedder.EclipseLogger - Copying 0 resource
2021-05-26 22:35:18,516 [Worker-16: Importing Maven projects] INFO  o.e.m.c.i.l.LifecycleMappingFactory - Using org.eclipse.m2e.jdt.JarLifecycleMapping lifecycle mapping for MavenProject: fr.nebulo9.speedruncontest:speedrun-contest:0.0.1-SNAPSHOT @ C:\Users\manga\Drive\OneDrive\Dev\Minecraft\Plugins\TestSpigot\speedrun-contest\pom.xml.
2021-05-26 22:35:18,627 [Worker-16: Importing Maven projects] INFO  o.e.m.j.i.AbstractJavaProjectConfigurator - Adding source folder /speedrun-contest/src/main/java
2021-05-26 22:35:18,628 [Worker-16: Importing Maven projects] INFO  o.e.m.j.i.AbstractJavaProjectConfigurator - Adding resource folder /speedrun-contest/src/main/resources
2021-05-26 22:35:18,628 [Worker-16: Importing Maven projects] INFO  o.e.m.j.i.AbstractJavaProjectConfigurator - Adding source folder /speedrun-contest/src/test/java
2021-05-26 22:35:18,628 [Worker-16: Importing Maven projects] INFO  o.e.m.j.i.AbstractJavaProjectConfigurator - Adding resource folder /speedrun-contest/src/test/resources
2021-05-26 22:35:18,656 [Worker-16: Importing Maven projects] INFO  o.e.m.c.i.p.ProjectConfigurationManager - Imported and configured 1 project(s) in 0 sec
2021-05-26 22:35:19,002 [Worker-19: Building] WARN  o.e.m.c.i.embedder.EclipseLogger - Using platform encoding (Cp1252 actually) to copy filtered resources, i.e. build is platform dependent!
2021-05-26 22:35:19,003 [Worker-19: Building] INFO  o.e.m.c.i.embedder.EclipseLogger - Copying 0 resource
2021-05-26 22:35:19,004 [Worker-19: Building] WARN  o.e.m.c.i.embedder.EclipseLogger - Using platform encoding (Cp1252 actually) to copy filtered resources, i.e. build is platform dependent!
2021-05-26 22:35:19,005 [Worker-19: Building] INFO  o.e.m.c.i.embedder.EclipseLogger - Copying 0 resource
2021-05-27 18:23:48,665 [Worker-0: Loading available Gradle versions] INFO  o.e.b.c.i.u.g.PublishedGradleVersions - Gradle version information cache is up-to-date. Trying to read.
2021-05-27 18:29:50,640 [Worker-16: Creating project "speedrun-contest"] INFO  o.e.m.c.i.l.LifecycleMappingFactory - Using org.eclipse.m2e.jdt.JarLifecycleMapping lifecycle mapping for MavenProject: fr.nebulo9.speedruncontest:speedrun-contest:0.0.1-SNAPSHOT @ C:\Users\manga\Drive\OneDrive\Dev\Minecraft\Plugins\speedrun-contest\speedrun-contest\pom.xml.
2021-05-27 18:29:53,184 [Worker-16: Creating project "speedrun-contest"] INFO  o.e.m.j.i.AbstractJavaProjectConfigurator - Adding source folder /speedrun-contest/src/main/java
2021-05-27 18:29:53,185 [Worker-16: Creating project "speedrun-contest"] INFO  o.e.m.j.i.AbstractJavaProjectConfigurator - Adding resource folder /speedrun-contest/src/main/resources
2021-05-27 18:29:53,186 [Worker-16: Creating project "speedrun-contest"] INFO  o.e.m.j.i.AbstractJavaProjectConfigurator - Adding source folder /speedrun-contest/src/test/java
2021-05-27 18:29:53,186 [Worker-16: Creating project "speedrun-contest"] INFO  o.e.m.j.i.AbstractJavaProjectConfigurator - Adding resource folder /speedrun-contest/src/test/resources
2021-05-27 18:29:54,047 [Worker-16: Building] WARN  o.e.m.c.i.embedder.EclipseLogger - Using platform encoding (Cp1252 actually) to copy filtered resources, i.e. build is platform dependent!
2021-05-27 18:29:54,051 [Worker-16: Building] INFO  o.e.m.c.i.embedder.EclipseLogger - Copying 0 resource
2021-05-27 18:29:54,053 [Worker-16: Building] WARN  o.e.m.c.i.embedder.EclipseLogger - Using platform encoding (Cp1252 actually) to copy filtered resources, i.e. build is platform dependent!
2021-05-27 18:29:54,053 [Worker-16: Building] INFO  o.e.m.c.i.embedder.EclipseLogger - Copying 0 resource
2021-05-27 18:34:01,662 [Worker-17: Git Repository Change Scanner] WARN  org.eclipse.jgit.lib.Repository - close() called when useCnt is already zero for Repository[C:\Users\manga\git\spedrun-contest\.git]
2021-05-27 18:35:07,724 [Worker-4: Loading available Gradle versions] INFO  o.e.b.c.i.u.g.PublishedGradleVersions - Gradle version information cache is up-to-date. Trying to read.
2021-05-27 18:36:27,982 [Worker-10: Creating project "speedrun-contest"] INFO  o.e.m.c.i.l.LifecycleMappingFactory - Using org.eclipse.m2e.jdt.JarLifecycleMapping lifecycle mapping for MavenProject: fr.nebulo9.speedruncontest:speedrun-contest:0.0.1-SNAPSHOT @ C:\Users\manga\Drive\OneDrive\Dev\Minecraft\Plugins\speedrun-contest\speedrun-contest\pom.xml.
2021-05-27 18:36:28,454 [Worker-10: Creating project "speedrun-contest"] INFO  o.e.m.j.i.AbstractJavaProjectConfigurator - Adding source folder /speedrun-contest/src/main/java
2021-05-27 18:36:28,455 [Worker-10: Creating project "speedrun-contest"] INFO  o.e.m.j.i.AbstractJavaProjectConfigurator - Adding resource folder /speedrun-contest/src/main/resources
2021-05-27 18:36:28,456 [Worker-10: Creating project "speedrun-contest"] INFO  o.e.m.j.i.AbstractJavaProjectConfigurator - Adding source folder /speedrun-contest/src/test/java
2021-05-27 18:36:28,456 [Worker-10: Creating project "speedrun-contest"] INFO  o.e.m.j.i.AbstractJavaProjectConfigurator - Adding resource folder /speedrun-contest/src/test/resources
2021-05-27 18:36:29,206 [Worker-6: Building] WARN  o.e.m.c.i.embedder.EclipseLogger - Using platform encoding (Cp1252 actually) to copy filtered resources, i.e. build is platform dependent!
2021-05-27 18:36:29,210 [Worker-6: Building] INFO  o.e.m.c.i.embedder.EclipseLogger - Copying 0 resource
2021-05-27 18:36:29,212 [Worker-6: Building] WARN  o.e.m.c.i.embedder.EclipseLogger - Using platform encoding (Cp1252 actually) to copy filtered resources, i.e. build is platform dependent!
2021-05-27 18:36:29,213 [Worker-6: Building] INFO  o.e.m.c.i.embedder.EclipseLogger - Copying 0 resource
2021-05-27 18:38:40,060 [Worker-11: Remove Repositories] WARN  org.eclipse.jgit.lib.Repository - close() called when useCnt is already zero for Repository[C:\Users\manga\Drive\OneDrive\Dev\Minecraft\Plugins\speedrun-contest\spedrun-contest\.git]
